<?xml version="1.0" encoding="UTF-8"?>
<testsuite xmlns:xsi="http://www.w3.org/2001/XMLSchema-instance" xsi:noNamespaceSchemaLocation="https://maven.apache.org/surefire/maven-surefire-plugin/xsd/surefire-test-report.xsd" name="com.labcerebrone.Kubernetes.API.KubernetesApiApplicationTests" time="4.985" tests="1" errors="0" skipped="0" failures="0">
  <properties>
    <property name="java.specification.version" value="14"/>
    <property name="sun.jnu.encoding" value="UTF-8"/>
    <property name="java.class.path" value="/home/abhishek/API/Kubernetes API/Kubernetes-API/target/test-classes:/home/abhishek/API/Kubernetes API/Kubernetes-API/target/classes:/home/abhishek/.m2/repository/org/springframework/boot/spring-boot-starter-web/2.4.0/spring-boot-starter-web-2.4.0.jar:/home/abhishek/.m2/repository/org/springframework/boot/spring-boot-starter/2.4.0/spring-boot-starter-2.4.0.jar:/home/abhishek/.m2/repository/org/springframework/boot/spring-boot/2.4.0/spring-boot-2.4.0.jar:/home/abhishek/.m2/repository/org/springframework/boot/spring-boot-autoconfigure/2.4.0/spring-boot-autoconfigure-2.4.0.jar:/home/abhishek/.m2/repository/org/springframework/boot/spring-boot-starter-logging/2.4.0/spring-boot-starter-logging-2.4.0.jar:/home/abhishek/.m2/repository/ch/qos/logback/logback-classic/1.2.3/logback-classic-1.2.3.jar:/home/abhishek/.m2/repository/ch/qos/logback/logback-core/1.2.3/logback-core-1.2.3.jar:/home/abhishek/.m2/repository/org/apache/logging/log4j/log4j-to-slf4j/2.13.3/log4j-to-slf4j-2.13.3.jar:/home/abhishek/.m2/repository/org/apache/logging/log4j/log4j-api/2.13.3/log4j-api-2.13.3.jar:/home/abhishek/.m2/repository/org/slf4j/jul-to-slf4j/1.7.30/jul-to-slf4j-1.7.30.jar:/home/abhishek/.m2/repository/jakarta/annotation/jakarta.annotation-api/1.3.5/jakarta.annotation-api-1.3.5.jar:/home/abhishek/.m2/repository/org/yaml/snakeyaml/1.27/snakeyaml-1.27.jar:/home/abhishek/.m2/repository/org/springframework/boot/spring-boot-starter-json/2.4.0/spring-boot-starter-json-2.4.0.jar:/home/abhishek/.m2/repository/com/fasterxml/jackson/datatype/jackson-datatype-jdk8/2.11.3/jackson-datatype-jdk8-2.11.3.jar:/home/abhishek/.m2/repository/com/fasterxml/jackson/module/jackson-module-parameter-names/2.11.3/jackson-module-parameter-names-2.11.3.jar:/home/abhishek/.m2/repository/org/springframework/boot/spring-boot-starter-tomcat/2.4.0/spring-boot-starter-tomcat-2.4.0.jar:/home/abhishek/.m2/repository/org/apache/tomcat/embed/tomcat-embed-core/9.0.39/tomcat-embed-core-9.0.39.jar:/home/abhishek/.m2/repository/org/glassfish/jakarta.el/3.0.3/jakarta.el-3.0.3.jar:/home/abhishek/.m2/repository/org/apache/tomcat/embed/tomcat-embed-websocket/9.0.39/tomcat-embed-websocket-9.0.39.jar:/home/abhishek/.m2/repository/org/springframework/spring-web/5.3.1/spring-web-5.3.1.jar:/home/abhishek/.m2/repository/org/springframework/spring-beans/5.3.1/spring-beans-5.3.1.jar:/home/abhishek/.m2/repository/org/springframework/spring-webmvc/5.3.1/spring-webmvc-5.3.1.jar:/home/abhishek/.m2/repository/org/springframework/spring-aop/5.3.1/spring-aop-5.3.1.jar:/home/abhishek/.m2/repository/org/springframework/spring-context/5.3.1/spring-context-5.3.1.jar:/home/abhishek/.m2/repository/org/springframework/spring-expression/5.3.1/spring-expression-5.3.1.jar:/home/abhishek/.m2/repository/org/springframework/boot/spring-boot-starter-test/2.4.0/spring-boot-starter-test-2.4.0.jar:/home/abhishek/.m2/repository/org/springframework/boot/spring-boot-test/2.4.0/spring-boot-test-2.4.0.jar:/home/abhishek/.m2/repository/org/springframework/boot/spring-boot-test-autoconfigure/2.4.0/spring-boot-test-autoconfigure-2.4.0.jar:/home/abhishek/.m2/repository/com/jayway/jsonpath/json-path/2.4.0/json-path-2.4.0.jar:/home/abhishek/.m2/repository/net/minidev/json-smart/2.3/json-smart-2.3.jar:/home/abhishek/.m2/repository/net/minidev/accessors-smart/1.2/accessors-smart-1.2.jar:/home/abhishek/.m2/repository/org/ow2/asm/asm/5.0.4/asm-5.0.4.jar:/home/abhishek/.m2/repository/jakarta/xml/bind/jakarta.xml.bind-api/2.3.3/jakarta.xml.bind-api-2.3.3.jar:/home/abhishek/.m2/repository/jakarta/activation/jakarta.activation-api/1.2.2/jakarta.activation-api-1.2.2.jar:/home/abhishek/.m2/repository/org/assertj/assertj-core/3.18.1/assertj-core-3.18.1.jar:/home/abhishek/.m2/repository/org/hamcrest/hamcrest/2.2/hamcrest-2.2.jar:/home/abhishek/.m2/repository/org/junit/jupiter/junit-jupiter/5.7.0/junit-jupiter-5.7.0.jar:/home/abhishek/.m2/repository/org/junit/jupiter/junit-jupiter-api/5.7.0/junit-jupiter-api-5.7.0.jar:/home/abhishek/.m2/repository/org/apiguardian/apiguardian-api/1.1.0/apiguardian-api-1.1.0.jar:/home/abhishek/.m2/repository/org/opentest4j/opentest4j/1.2.0/opentest4j-1.2.0.jar:/home/abhishek/.m2/repository/org/junit/platform/junit-platform-commons/1.7.0/junit-platform-commons-1.7.0.jar:/home/abhishek/.m2/repository/org/junit/jupiter/junit-jupiter-params/5.7.0/junit-jupiter-params-5.7.0.jar:/home/abhishek/.m2/repository/org/junit/jupiter/junit-jupiter-engine/5.7.0/junit-jupiter-engine-5.7.0.jar:/home/abhishek/.m2/repository/org/junit/platform/junit-platform-engine/1.7.0/junit-platform-engine-1.7.0.jar:/home/abhishek/.m2/repository/org/mockito/mockito-core/3.6.0/mockito-core-3.6.0.jar:/home/abhishek/.m2/repository/net/bytebuddy/byte-buddy/1.10.18/byte-buddy-1.10.18.jar:/home/abhishek/.m2/repository/net/bytebuddy/byte-buddy-agent/1.10.18/byte-buddy-agent-1.10.18.jar:/home/abhishek/.m2/repository/org/objenesis/objenesis/3.1/objenesis-3.1.jar:/home/abhishek/.m2/repository/org/mockito/mockito-junit-jupiter/3.6.0/mockito-junit-jupiter-3.6.0.jar:/home/abhishek/.m2/repository/org/skyscreamer/jsonassert/1.5.0/jsonassert-1.5.0.jar:/home/abhishek/.m2/repository/com/vaadin/external/google/android-json/0.0.20131108.vaadin1/android-json-0.0.20131108.vaadin1.jar:/home/abhishek/.m2/repository/org/springframework/spring-core/5.3.1/spring-core-5.3.1.jar:/home/abhishek/.m2/repository/org/springframework/spring-jcl/5.3.1/spring-jcl-5.3.1.jar:/home/abhishek/.m2/repository/org/springframework/spring-test/5.3.1/spring-test-5.3.1.jar:/home/abhishek/.m2/repository/org/xmlunit/xmlunit-core/2.7.0/xmlunit-core-2.7.0.jar:/home/abhishek/.m2/repository/io/fabric8/kubernetes-client/5.2.1/kubernetes-client-5.2.1.jar:/home/abhishek/.m2/repository/io/fabric8/kubernetes-model-core/5.2.1/kubernetes-model-core-5.2.1.jar:/home/abhishek/.m2/repository/io/fabric8/kubernetes-model-common/5.2.1/kubernetes-model-common-5.2.1.jar:/home/abhishek/.m2/repository/com/fasterxml/jackson/core/jackson-annotations/2.11.3/jackson-annotations-2.11.3.jar:/home/abhishek/.m2/repository/io/fabric8/kubernetes-model-rbac/5.2.1/kubernetes-model-rbac-5.2.1.jar:/home/abhishek/.m2/repository/io/fabric8/kubernetes-model-admissionregistration/5.2.1/kubernetes-model-admissionregistration-5.2.1.jar:/home/abhishek/.m2/repository/io/fabric8/kubernetes-model-apps/5.2.1/kubernetes-model-apps-5.2.1.jar:/home/abhishek/.m2/repository/io/fabric8/kubernetes-model-autoscaling/5.2.1/kubernetes-model-autoscaling-5.2.1.jar:/home/abhishek/.m2/repository/io/fabric8/kubernetes-model-apiextensions/5.2.1/kubernetes-model-apiextensions-5.2.1.jar:/home/abhishek/.m2/repository/io/fabric8/kubernetes-model-batch/5.2.1/kubernetes-model-batch-5.2.1.jar:/home/abhishek/.m2/repository/io/fabric8/kubernetes-model-certificates/5.2.1/kubernetes-model-certificates-5.2.1.jar:/home/abhishek/.m2/repository/io/fabric8/kubernetes-model-coordination/5.2.1/kubernetes-model-coordination-5.2.1.jar:/home/abhishek/.m2/repository/io/fabric8/kubernetes-model-discovery/5.2.1/kubernetes-model-discovery-5.2.1.jar:/home/abhishek/.m2/repository/io/fabric8/kubernetes-model-events/5.2.1/kubernetes-model-events-5.2.1.jar:/home/abhishek/.m2/repository/io/fabric8/kubernetes-model-extensions/5.2.1/kubernetes-model-extensions-5.2.1.jar:/home/abhishek/.m2/repository/io/fabric8/kubernetes-model-networking/5.2.1/kubernetes-model-networking-5.2.1.jar:/home/abhishek/.m2/repository/io/fabric8/kubernetes-model-metrics/5.2.1/kubernetes-model-metrics-5.2.1.jar:/home/abhishek/.m2/repository/io/fabric8/kubernetes-model-policy/5.2.1/kubernetes-model-policy-5.2.1.jar:/home/abhishek/.m2/repository/io/fabric8/kubernetes-model-scheduling/5.2.1/kubernetes-model-scheduling-5.2.1.jar:/home/abhishek/.m2/repository/io/fabric8/kubernetes-model-storageclass/5.2.1/kubernetes-model-storageclass-5.2.1.jar:/home/abhishek/.m2/repository/io/fabric8/kubernetes-model-node/5.2.1/kubernetes-model-node-5.2.1.jar:/home/abhishek/.m2/repository/com/squareup/okhttp3/okhttp/3.14.9/okhttp-3.14.9.jar:/home/abhishek/.m2/repository/com/squareup/okio/okio/1.17.2/okio-1.17.2.jar:/home/abhishek/.m2/repository/com/squareup/okhttp3/logging-interceptor/3.14.9/logging-interceptor-3.14.9.jar:/home/abhishek/.m2/repository/org/slf4j/slf4j-api/1.7.30/slf4j-api-1.7.30.jar:/home/abhishek/.m2/repository/com/fasterxml/jackson/dataformat/jackson-dataformat-yaml/2.11.3/jackson-dataformat-yaml-2.11.3.jar:/home/abhishek/.m2/repository/com/fasterxml/jackson/datatype/jackson-datatype-jsr310/2.11.3/jackson-datatype-jsr310-2.11.3.jar:/home/abhishek/.m2/repository/com/fasterxml/jackson/core/jackson-databind/2.11.3/jackson-databind-2.11.3.jar:/home/abhishek/.m2/repository/com/fasterxml/jackson/core/jackson-core/2.11.3/jackson-core-2.11.3.jar:/home/abhishek/.m2/repository/io/fabric8/zjsonpatch/0.3.0/zjsonpatch-0.3.0.jar:/home/abhishek/.m2/repository/com/github/mifmif/generex/1.0.2/generex-1.0.2.jar:/home/abhishek/.m2/repository/dk/brics/automaton/automaton/1.11-8/automaton-1.11-8.jar:"/>
    <property name="java.vm.vendor" value="Private Build"/>
    <property name="sun.arch.data.model" value="64"/>
    <property name="java.vendor.url" value="Unknown"/>
    <property name="os.name" value="Linux"/>
    <property name="java.vm.specification.version" value="14"/>
    <property name="sun.java.launcher" value="SUN_STANDARD"/>
    <property name="user.country" value="GB"/>
    <property name="sun.boot.library.path" value="/usr/lib/jvm/java-14-openjdk-amd64/lib"/>
    <property name="sun.java.command" value="/home/abhishek/API/Kubernetes API/Kubernetes-API/target/surefire/surefirebooter15429468682983062973.jar /home/abhishek/API/Kubernetes API/Kubernetes-API/target/surefire 2021-04-06T03-08-22_591-jvmRun1 surefire5107145405803965198tmp surefire_013322960112837120248tmp"/>
    <property name="jdk.debug" value="release"/>
    <property name="surefire.test.class.path" value="/home/abhishek/API/Kubernetes API/Kubernetes-API/target/test-classes:/home/abhishek/API/Kubernetes API/Kubernetes-API/target/classes:/home/abhishek/.m2/repository/org/springframework/boot/spring-boot-starter-web/2.4.0/spring-boot-starter-web-2.4.0.jar:/home/abhishek/.m2/repository/org/springframework/boot/spring-boot-starter/2.4.0/spring-boot-starter-2.4.0.jar:/home/abhishek/.m2/repository/org/springframework/boot/spring-boot/2.4.0/spring-boot-2.4.0.jar:/home/abhishek/.m2/repository/org/springframework/boot/spring-boot-autoconfigure/2.4.0/spring-boot-autoconfigure-2.4.0.jar:/home/abhishek/.m2/repository/org/springframework/boot/spring-boot-starter-logging/2.4.0/spring-boot-starter-logging-2.4.0.jar:/home/abhishek/.m2/repository/ch/qos/logback/logback-classic/1.2.3/logback-classic-1.2.3.jar:/home/abhishek/.m2/repository/ch/qos/logback/logback-core/1.2.3/logback-core-1.2.3.jar:/home/abhishek/.m2/repository/org/apache/logging/log4j/log4j-to-slf4j/2.13.3/log4j-to-slf4j-2.13.3.jar:/home/abhishek/.m2/repository/org/apache/logging/log4j/log4j-api/2.13.3/log4j-api-2.13.3.jar:/home/abhishek/.m2/repository/org/slf4j/jul-to-slf4j/1.7.30/jul-to-slf4j-1.7.30.jar:/home/abhishek/.m2/repository/jakarta/annotation/jakarta.annotation-api/1.3.5/jakarta.annotation-api-1.3.5.jar:/home/abhishek/.m2/repository/org/yaml/snakeyaml/1.27/snakeyaml-1.27.jar:/home/abhishek/.m2/repository/org/springframework/boot/spring-boot-starter-json/2.4.0/spring-boot-starter-json-2.4.0.jar:/home/abhishek/.m2/repository/com/fasterxml/jackson/datatype/jackson-datatype-jdk8/2.11.3/jackson-datatype-jdk8-2.11.3.jar:/home/abhishek/.m2/repository/com/fasterxml/jackson/module/jackson-module-parameter-names/2.11.3/jackson-module-parameter-names-2.11.3.jar:/home/abhishek/.m2/repository/org/springframework/boot/spring-boot-starter-tomcat/2.4.0/spring-boot-starter-tomcat-2.4.0.jar:/home/abhishek/.m2/repository/org/apache/tomcat/embed/tomcat-embed-core/9.0.39/tomcat-embed-core-9.0.39.jar:/home/abhishek/.m2/repository/org/glassfish/jakarta.el/3.0.3/jakarta.el-3.0.3.jar:/home/abhishek/.m2/repository/org/apache/tomcat/embed/tomcat-embed-websocket/9.0.39/tomcat-embed-websocket-9.0.39.jar:/home/abhishek/.m2/repository/org/springframework/spring-web/5.3.1/spring-web-5.3.1.jar:/home/abhishek/.m2/repository/org/springframework/spring-beans/5.3.1/spring-beans-5.3.1.jar:/home/abhishek/.m2/repository/org/springframework/spring-webmvc/5.3.1/spring-webmvc-5.3.1.jar:/home/abhishek/.m2/repository/org/springframework/spring-aop/5.3.1/spring-aop-5.3.1.jar:/home/abhishek/.m2/repository/org/springframework/spring-context/5.3.1/spring-context-5.3.1.jar:/home/abhishek/.m2/repository/org/springframework/spring-expression/5.3.1/spring-expression-5.3.1.jar:/home/abhishek/.m2/repository/org/springframework/boot/spring-boot-starter-test/2.4.0/spring-boot-starter-test-2.4.0.jar:/home/abhishek/.m2/repository/org/springframework/boot/spring-boot-test/2.4.0/spring-boot-test-2.4.0.jar:/home/abhishek/.m2/repository/org/springframework/boot/spring-boot-test-autoconfigure/2.4.0/spring-boot-test-autoconfigure-2.4.0.jar:/home/abhishek/.m2/repository/com/jayway/jsonpath/json-path/2.4.0/json-path-2.4.0.jar:/home/abhishek/.m2/repository/net/minidev/json-smart/2.3/json-smart-2.3.jar:/home/abhishek/.m2/repository/net/minidev/accessors-smart/1.2/accessors-smart-1.2.jar:/home/abhishek/.m2/repository/org/ow2/asm/asm/5.0.4/asm-5.0.4.jar:/home/abhishek/.m2/repository/jakarta/xml/bind/jakarta.xml.bind-api/2.3.3/jakarta.xml.bind-api-2.3.3.jar:/home/abhishek/.m2/repository/jakarta/activation/jakarta.activation-api/1.2.2/jakarta.activation-api-1.2.2.jar:/home/abhishek/.m2/repository/org/assertj/assertj-core/3.18.1/assertj-core-3.18.1.jar:/home/abhishek/.m2/repository/org/hamcrest/hamcrest/2.2/hamcrest-2.2.jar:/home/abhishek/.m2/repository/org/junit/jupiter/junit-jupiter/5.7.0/junit-jupiter-5.7.0.jar:/home/abhishek/.m2/repository/org/junit/jupiter/junit-jupiter-api/5.7.0/junit-jupiter-api-5.7.0.jar:/home/abhishek/.m2/repository/org/apiguardian/apiguardian-api/1.1.0/apiguardian-api-1.1.0.jar:/home/abhishek/.m2/repository/org/opentest4j/opentest4j/1.2.0/opentest4j-1.2.0.jar:/home/abhishek/.m2/repository/org/junit/platform/junit-platform-commons/1.7.0/junit-platform-commons-1.7.0.jar:/home/abhishek/.m2/repository/org/junit/jupiter/junit-jupiter-params/5.7.0/junit-jupiter-params-5.7.0.jar:/home/abhishek/.m2/repository/org/junit/jupiter/junit-jupiter-engine/5.7.0/junit-jupiter-engine-5.7.0.jar:/home/abhishek/.m2/repository/org/junit/platform/junit-platform-engine/1.7.0/junit-platform-engine-1.7.0.jar:/home/abhishek/.m2/repository/org/mockito/mockito-core/3.6.0/mockito-core-3.6.0.jar:/home/abhishek/.m2/repository/net/bytebuddy/byte-buddy/1.10.18/byte-buddy-1.10.18.jar:/home/abhishek/.m2/repository/net/bytebuddy/byte-buddy-agent/1.10.18/byte-buddy-agent-1.10.18.jar:/home/abhishek/.m2/repository/org/objenesis/objenesis/3.1/objenesis-3.1.jar:/home/abhishek/.m2/repository/org/mockito/mockito-junit-jupiter/3.6.0/mockito-junit-jupiter-3.6.0.jar:/home/abhishek/.m2/repository/org/skyscreamer/jsonassert/1.5.0/jsonassert-1.5.0.jar:/home/abhishek/.m2/repository/com/vaadin/external/google/android-json/0.0.20131108.vaadin1/android-json-0.0.20131108.vaadin1.jar:/home/abhishek/.m2/repository/org/springframework/spring-core/5.3.1/spring-core-5.3.1.jar:/home/abhishek/.m2/repository/org/springframework/spring-jcl/5.3.1/spring-jcl-5.3.1.jar:/home/abhishek/.m2/repository/org/springframework/spring-test/5.3.1/spring-test-5.3.1.jar:/home/abhishek/.m2/repository/org/xmlunit/xmlunit-core/2.7.0/xmlunit-core-2.7.0.jar:/home/abhishek/.m2/repository/io/fabric8/kubernetes-client/5.2.1/kubernetes-client-5.2.1.jar:/home/abhishek/.m2/repository/io/fabric8/kubernetes-model-core/5.2.1/kubernetes-model-core-5.2.1.jar:/home/abhishek/.m2/repository/io/fabric8/kubernetes-model-common/5.2.1/kubernetes-model-common-5.2.1.jar:/home/abhishek/.m2/repository/com/fasterxml/jackson/core/jackson-annotations/2.11.3/jackson-annotations-2.11.3.jar:/home/abhishek/.m2/repository/io/fabric8/kubernetes-model-rbac/5.2.1/kubernetes-model-rbac-5.2.1.jar:/home/abhishek/.m2/repository/io/fabric8/kubernetes-model-admissionregistration/5.2.1/kubernetes-model-admissionregistration-5.2.1.jar:/home/abhishek/.m2/repository/io/fabric8/kubernetes-model-apps/5.2.1/kubernetes-model-apps-5.2.1.jar:/home/abhishek/.m2/repository/io/fabric8/kubernetes-model-autoscaling/5.2.1/kubernetes-model-autoscaling-5.2.1.jar:/home/abhishek/.m2/repository/io/fabric8/kubernetes-model-apiextensions/5.2.1/kubernetes-model-apiextensions-5.2.1.jar:/home/abhishek/.m2/repository/io/fabric8/kubernetes-model-batch/5.2.1/kubernetes-model-batch-5.2.1.jar:/home/abhishek/.m2/repository/io/fabric8/kubernetes-model-certificates/5.2.1/kubernetes-model-certificates-5.2.1.jar:/home/abhishek/.m2/repository/io/fabric8/kubernetes-model-coordination/5.2.1/kubernetes-model-coordination-5.2.1.jar:/home/abhishek/.m2/repository/io/fabric8/kubernetes-model-discovery/5.2.1/kubernetes-model-discovery-5.2.1.jar:/home/abhishek/.m2/repository/io/fabric8/kubernetes-model-events/5.2.1/kubernetes-model-events-5.2.1.jar:/home/abhishek/.m2/repository/io/fabric8/kubernetes-model-extensions/5.2.1/kubernetes-model-extensions-5.2.1.jar:/home/abhishek/.m2/repository/io/fabric8/kubernetes-model-networking/5.2.1/kubernetes-model-networking-5.2.1.jar:/home/abhishek/.m2/repository/io/fabric8/kubernetes-model-metrics/5.2.1/kubernetes-model-metrics-5.2.1.jar:/home/abhishek/.m2/repository/io/fabric8/kubernetes-model-policy/5.2.1/kubernetes-model-policy-5.2.1.jar:/home/abhishek/.m2/repository/io/fabric8/kubernetes-model-scheduling/5.2.1/kubernetes-model-scheduling-5.2.1.jar:/home/abhishek/.m2/repository/io/fabric8/kubernetes-model-storageclass/5.2.1/kubernetes-model-storageclass-5.2.1.jar:/home/abhishek/.m2/repository/io/fabric8/kubernetes-model-node/5.2.1/kubernetes-model-node-5.2.1.jar:/home/abhishek/.m2/repository/com/squareup/okhttp3/okhttp/3.14.9/okhttp-3.14.9.jar:/home/abhishek/.m2/repository/com/squareup/okio/okio/1.17.2/okio-1.17.2.jar:/home/abhishek/.m2/repository/com/squareup/okhttp3/logging-interceptor/3.14.9/logging-interceptor-3.14.9.jar:/home/abhishek/.m2/repository/org/slf4j/slf4j-api/1.7.30/slf4j-api-1.7.30.jar:/home/abhishek/.m2/repository/com/fasterxml/jackson/dataformat/jackson-dataformat-yaml/2.11.3/jackson-dataformat-yaml-2.11.3.jar:/home/abhishek/.m2/repository/com/fasterxml/jackson/datatype/jackson-datatype-jsr310/2.11.3/jackson-datatype-jsr310-2.11.3.jar:/home/abhishek/.m2/repository/com/fasterxml/jackson/core/jackson-databind/2.11.3/jackson-databind-2.11.3.jar:/home/abhishek/.m2/repository/com/fasterxml/jackson/core/jackson-core/2.11.3/jackson-core-2.11.3.jar:/home/abhishek/.m2/repository/io/fabric8/zjsonpatch/0.3.0/zjsonpatch-0.3.0.jar:/home/abhishek/.m2/repository/com/github/mifmif/generex/1.0.2/generex-1.0.2.jar:/home/abhishek/.m2/repository/dk/brics/automaton/automaton/1.11-8/automaton-1.11-8.jar:"/>
    <property name="sun.cpu.endian" value="little"/>
    <property name="user.home" value="/home/abhishek"/>
    <property name="user.language" value="en"/>
    <property name="java.specification.vendor" value="Oracle Corporation"/>
    <property name="java.version.date" value="2020-07-14"/>
    <property name="java.home" value="/usr/lib/jvm/java-14-openjdk-amd64"/>
    <property name="file.separator" value="/"/>
    <property name="basedir" value="/home/abhishek/API/Kubernetes API/Kubernetes-API"/>
    <property name="java.vm.compressedOopsMode" value="Zero based"/>
    <property name="line.separator" value="&#10;"/>
    <property name="java.vm.specification.vendor" value="Oracle Corporation"/>
    <property name="java.specification.name" value="Java Platform API Specification"/>
    <property name="surefire.real.class.path" value="/home/abhishek/API/Kubernetes API/Kubernetes-API/target/surefire/surefirebooter15429468682983062973.jar"/>
    <property name="sun.management.compiler" value="HotSpot 64-Bit Tiered Compilers"/>
    <property name="java.runtime.version" value="14.0.2+12-Ubuntu-120.04"/>
    <property name="user.name" value="abhishek"/>
    <property name="path.separator" value=":"/>
    <property name="os.version" value="5.8.0-48-generic"/>
    <property name="java.runtime.name" value="OpenJDK Runtime Environment"/>
    <property name="file.encoding" value="UTF-8"/>
    <property name="java.vm.name" value="OpenJDK 64-Bit Server VM"/>
    <property name="localRepository" value="/home/abhishek/.m2/repository"/>
    <property name="java.vendor.url.bug" value="Unknown"/>
    <property name="java.io.tmpdir" value="/tmp"/>
    <property name="java.version" value="14.0.2"/>
    <property name="user.dir" value="/home/abhishek/API/Kubernetes API/Kubernetes-API"/>
    <property name="os.arch" value="amd64"/>
    <property name="java.vm.specification.name" value="Java Virtual Machine Specification"/>
    <property name="java.library.path" value="/usr/java/packages/lib:/usr/lib/x86_64-linux-gnu/jni:/lib/x86_64-linux-gnu:/usr/lib/x86_64-linux-gnu:/usr/lib/jni:/lib:/usr/lib"/>
    <property name="java.vm.info" value="mixed mode, sharing"/>
    <property name="java.vendor" value="Private Build"/>
    <property name="java.vm.version" value="14.0.2+12-Ubuntu-120.04"/>
    <property name="sun.io.unicode.encoding" value="UnicodeLittle"/>
    <property name="java.class.version" value="58.0"/>
  </properties>
  <testcase name="contextLoads" classname="com.labcerebrone.Kubernetes.API.KubernetesApiApplicationTests" time="0.59"/>
</testsuite>